{"/Users/molnarszilard/Documents/Repositories/galactic-spacefarer-adventure/srv/service.js": {"path":"/Users/molnarszilard/Documents/Repositories/galactic-spacefarer-adventure/srv/service.js","statementMap":{"0":{"start":{"line":1,"column":0},"end":{"line":103,"column":2}},"1":{"start":{"line":2,"column":2},"end":{"line":16,"column":5}},"2":{"start":{"line":3,"column":4},"end":{"line":5,"column":5}},"3":{"start":{"line":4,"column":6},"end":{"line":4,"column":13}},"4":{"start":{"line":7,"column":21},"end":{"line":7,"column":44}},"5":{"start":{"line":9,"column":4},"end":{"line":11,"column":5}},"6":{"start":{"line":10,"column":6},"end":{"line":10,"column":67}},"7":{"start":{"line":13,"column":4},"end":{"line":15,"column":7}},"8":{"start":{"line":18,"column":2},"end":{"line":70,"column":5}},"9":{"start":{"line":19,"column":17},"end":{"line":19,"column":25}},"10":{"start":{"line":21,"column":4},"end":{"line":23,"column":5}},"11":{"start":{"line":22,"column":6},"end":{"line":22,"column":55}},"12":{"start":{"line":25,"column":4},"end":{"line":27,"column":5}},"13":{"start":{"line":26,"column":6},"end":{"line":26,"column":54}},"14":{"start":{"line":29,"column":4},"end":{"line":31,"column":5}},"15":{"start":{"line":30,"column":6},"end":{"line":30,"column":50}},"16":{"start":{"line":33,"column":4},"end":{"line":42,"column":5}},"17":{"start":{"line":38,"column":6},"end":{"line":41,"column":8}},"18":{"start":{"line":44,"column":4},"end":{"line":49,"column":5}},"19":{"start":{"line":48,"column":6},"end":{"line":48,"column":71}},"20":{"start":{"line":51,"column":4},"end":{"line":53,"column":5}},"21":{"start":{"line":52,"column":6},"end":{"line":52,"column":44}},"22":{"start":{"line":55,"column":4},"end":{"line":57,"column":5}},"23":{"start":{"line":56,"column":6},"end":{"line":56,"column":34}},"24":{"start":{"line":59,"column":4},"end":{"line":61,"column":5}},"25":{"start":{"line":60,"column":6},"end":{"line":60,"column":39}},"26":{"start":{"line":63,"column":4},"end":{"line":69,"column":5}},"27":{"start":{"line":64,"column":23},"end":{"line":64,"column":46}},"28":{"start":{"line":66,"column":6},"end":{"line":68,"column":7}},"29":{"start":{"line":67,"column":8},"end":{"line":67,"column":40}},"30":{"start":{"line":72,"column":2},"end":{"line":92,"column":5}},"31":{"start":{"line":73,"column":17},"end":{"line":73,"column":25}},"32":{"start":{"line":75,"column":4},"end":{"line":84,"column":5}},"33":{"start":{"line":80,"column":6},"end":{"line":83,"column":8}},"34":{"start":{"line":86,"column":4},"end":{"line":91,"column":5}},"35":{"start":{"line":90,"column":6},"end":{"line":90,"column":71}},"36":{"start":{"line":94,"column":2},"end":{"line":102,"column":5}},"37":{"start":{"line":95,"column":4},"end":{"line":95,"column":58}},"38":{"start":{"line":96,"column":4},"end":{"line":96,"column":49}},"39":{"start":{"line":97,"column":4},"end":{"line":97,"column":37}},"40":{"start":{"line":98,"column":4},"end":{"line":100,"column":6}},"41":{"start":{"line":101,"column":4},"end":{"line":101,"column":58}}},"fnMap":{"0":{"name":"(anonymous_0)","decl":{"start":{"line":1,"column":17},"end":{"line":1,"column":18}},"loc":{"start":{"line":1,"column":26},"end":{"line":103,"column":1}},"line":1},"1":{"name":"(anonymous_1)","decl":{"start":{"line":2,"column":36},"end":{"line":2,"column":37}},"loc":{"start":{"line":2,"column":45},"end":{"line":16,"column":3}},"line":2},"2":{"name":"(anonymous_2)","decl":{"start":{"line":18,"column":38},"end":{"line":18,"column":39}},"loc":{"start":{"line":18,"column":47},"end":{"line":70,"column":3}},"line":18},"3":{"name":"(anonymous_3)","decl":{"start":{"line":72,"column":38},"end":{"line":72,"column":39}},"loc":{"start":{"line":72,"column":47},"end":{"line":92,"column":3}},"line":72},"4":{"name":"(anonymous_4)","decl":{"start":{"line":94,"column":37},"end":{"line":94,"column":38}},"loc":{"start":{"line":94,"column":47},"end":{"line":102,"column":3}},"line":94}},"branchMap":{"0":{"loc":{"start":{"line":3,"column":4},"end":{"line":5,"column":5}},"type":"if","locations":[{"start":{"line":3,"column":4},"end":{"line":5,"column":5}},{"start":{},"end":{}}],"line":3},"1":{"loc":{"start":{"line":9,"column":4},"end":{"line":11,"column":5}},"type":"if","locations":[{"start":{"line":9,"column":4},"end":{"line":11,"column":5}},{"start":{},"end":{}}],"line":9},"2":{"loc":{"start":{"line":21,"column":4},"end":{"line":23,"column":5}},"type":"if","locations":[{"start":{"line":21,"column":4},"end":{"line":23,"column":5}},{"start":{},"end":{}}],"line":21},"3":{"loc":{"start":{"line":25,"column":4},"end":{"line":27,"column":5}},"type":"if","locations":[{"start":{"line":25,"column":4},"end":{"line":27,"column":5}},{"start":{},"end":{}}],"line":25},"4":{"loc":{"start":{"line":29,"column":4},"end":{"line":31,"column":5}},"type":"if","locations":[{"start":{"line":29,"column":4},"end":{"line":31,"column":5}},{"start":{},"end":{}}],"line":29},"5":{"loc":{"start":{"line":33,"column":4},"end":{"line":42,"column":5}},"type":"if","locations":[{"start":{"line":33,"column":4},"end":{"line":42,"column":5}},{"start":{},"end":{}}],"line":33},"6":{"loc":{"start":{"line":34,"column":6},"end":{"line":36,"column":43}},"type":"binary-expr","locations":[{"start":{"line":34,"column":6},"end":{"line":34,"column":48}},{"start":{"line":35,"column":7},"end":{"line":35,"column":39}},{"start":{"line":36,"column":8},"end":{"line":36,"column":42}}],"line":34},"7":{"loc":{"start":{"line":44,"column":4},"end":{"line":49,"column":5}},"type":"if","locations":[{"start":{"line":44,"column":4},"end":{"line":49,"column":5}},{"start":{},"end":{}}],"line":44},"8":{"loc":{"start":{"line":45,"column":6},"end":{"line":46,"column":33}},"type":"binary-expr","locations":[{"start":{"line":45,"column":6},"end":{"line":45,"column":43}},{"start":{"line":46,"column":6},"end":{"line":46,"column":33}}],"line":45},"9":{"loc":{"start":{"line":51,"column":4},"end":{"line":53,"column":5}},"type":"if","locations":[{"start":{"line":51,"column":4},"end":{"line":53,"column":5}},{"start":{},"end":{}}],"line":51},"10":{"loc":{"start":{"line":55,"column":4},"end":{"line":57,"column":5}},"type":"if","locations":[{"start":{"line":55,"column":4},"end":{"line":57,"column":5}},{"start":{},"end":{}}],"line":55},"11":{"loc":{"start":{"line":59,"column":4},"end":{"line":61,"column":5}},"type":"if","locations":[{"start":{"line":59,"column":4},"end":{"line":61,"column":5}},{"start":{},"end":{}}],"line":59},"12":{"loc":{"start":{"line":63,"column":4},"end":{"line":69,"column":5}},"type":"if","locations":[{"start":{"line":63,"column":4},"end":{"line":69,"column":5}},{"start":{},"end":{}}],"line":63},"13":{"loc":{"start":{"line":66,"column":6},"end":{"line":68,"column":7}},"type":"if","locations":[{"start":{"line":66,"column":6},"end":{"line":68,"column":7}},{"start":{},"end":{}}],"line":66},"14":{"loc":{"start":{"line":66,"column":10},"end":{"line":66,"column":38}},"type":"binary-expr","locations":[{"start":{"line":66,"column":10},"end":{"line":66,"column":18}},{"start":{"line":66,"column":22},"end":{"line":66,"column":38}}],"line":66},"15":{"loc":{"start":{"line":75,"column":4},"end":{"line":84,"column":5}},"type":"if","locations":[{"start":{"line":75,"column":4},"end":{"line":84,"column":5}},{"start":{},"end":{}}],"line":75},"16":{"loc":{"start":{"line":76,"column":6},"end":{"line":78,"column":43}},"type":"binary-expr","locations":[{"start":{"line":76,"column":6},"end":{"line":76,"column":48}},{"start":{"line":77,"column":7},"end":{"line":77,"column":39}},{"start":{"line":78,"column":8},"end":{"line":78,"column":42}}],"line":76},"17":{"loc":{"start":{"line":86,"column":4},"end":{"line":91,"column":5}},"type":"if","locations":[{"start":{"line":86,"column":4},"end":{"line":91,"column":5}},{"start":{},"end":{}}],"line":86},"18":{"loc":{"start":{"line":87,"column":6},"end":{"line":88,"column":33}},"type":"binary-expr","locations":[{"start":{"line":87,"column":6},"end":{"line":87,"column":43}},{"start":{"line":88,"column":6},"end":{"line":88,"column":33}}],"line":87}},"s":{"0":1,"1":1,"2":3,"3":3,"4":0,"5":0,"6":0,"7":0,"8":1,"9":0,"10":0,"11":0,"12":0,"13":0,"14":0,"15":0,"16":0,"17":0,"18":0,"19":0,"20":0,"21":0,"22":0,"23":0,"24":0,"25":0,"26":0,"27":0,"28":0,"29":0,"30":1,"31":0,"32":0,"33":0,"34":0,"35":0,"36":1,"37":0,"38":0,"39":0,"40":0,"41":0},"f":{"0":1,"1":3,"2":0,"3":0,"4":0},"b":{"0":[3,0],"1":[0,0],"2":[0,0],"3":[0,0],"4":[0,0],"5":[0,0],"6":[0,0,0],"7":[0,0],"8":[0,0],"9":[0,0],"10":[0,0],"11":[0,0],"12":[0,0],"13":[0,0],"14":[0,0],"15":[0,0],"16":[0,0,0],"17":[0,0],"18":[0,0]},"_coverageSchema":"1a1c01bbd47fc00a2c39e90264f33305004495a9","hash":"85e4e78dca5801b85b9ea175b768354408628f44"}
}
